<?xml version="1.0" encoding="UTF-8"?>
<testsuite xmlns:xsi="http://www.w3.org/2001/XMLSchema-instance" xsi:noNamespaceSchemaLocation="https://maven.apache.org/surefire/maven-surefire-plugin/xsd/surefire-test-report.xsd" name="com.githhub.thiagomagano.AppTest" time="0.044" tests="2" errors="0" skipped="0" failures="0">
  <properties>
    <property name="java.specification.version" value="21"/>
    <property name="sun.jnu.encoding" value="UTF-8"/>
    <property name="java.class.path" value="/home/thiagomagano/code/java/book-57-challenges/ch00-tipcalculator/target/test-classes:/home/thiagomagano/code/java/book-57-challenges/ch00-tipcalculator/target/classes:/home/thiagomagano/.m2/repository/junit/junit/4.11/junit-4.11.jar:/home/thiagomagano/.m2/repository/org/hamcrest/hamcrest-core/1.3/hamcrest-core-1.3.jar:"/>
    <property name="java.vm.vendor" value="Eclipse Adoptium"/>
    <property name="sun.arch.data.model" value="64"/>
    <property name="java.vendor.url" value="https://adoptium.net/"/>
    <property name="os.name" value="Linux"/>
    <property name="java.vm.specification.version" value="21"/>
    <property name="sun.java.launcher" value="SUN_STANDARD"/>
    <property name="sun.boot.library.path" value="/home/thiagomagano/.sdkman/candidates/java/21.0.2-tem/lib"/>
    <property name="sun.java.command" value="/home/thiagomagano/code/java/book-57-challenges/ch00-tipcalculator/target/surefire/surefirebooter13329737249038931417.jar /home/thiagomagano/code/java/book-57-challenges/ch00-tipcalculator/target/surefire 2024-02-28T15-25-59_048-jvmRun1 surefire5832232309732388662tmp surefire_09827785121983175029tmp"/>
    <property name="jdk.debug" value="release"/>
    <property name="surefire.test.class.path" value="/home/thiagomagano/code/java/book-57-challenges/ch00-tipcalculator/target/test-classes:/home/thiagomagano/code/java/book-57-challenges/ch00-tipcalculator/target/classes:/home/thiagomagano/.m2/repository/junit/junit/4.11/junit-4.11.jar:/home/thiagomagano/.m2/repository/org/hamcrest/hamcrest-core/1.3/hamcrest-core-1.3.jar:"/>
    <property name="sun.cpu.endian" value="little"/>
    <property name="user.home" value="/home/thiagomagano"/>
    <property name="user.language" value="en"/>
    <property name="java.specification.vendor" value="Oracle Corporation"/>
    <property name="java.version.date" value="2024-01-16"/>
    <property name="java.home" value="/home/thiagomagano/.sdkman/candidates/java/21.0.2-tem"/>
    <property name="file.separator" value="/"/>
    <property name="basedir" value="/home/thiagomagano/code/java/book-57-challenges/ch00-tipcalculator"/>
    <property name="java.vm.compressedOopsMode" value="Zero based"/>
    <property name="line.separator" value="&#10;"/>
    <property name="java.specification.name" value="Java Platform API Specification"/>
    <property name="java.vm.specification.vendor" value="Oracle Corporation"/>
    <property name="surefire.real.class.path" value="/home/thiagomagano/code/java/book-57-challenges/ch00-tipcalculator/target/surefire/surefirebooter13329737249038931417.jar"/>
    <property name="sun.management.compiler" value="HotSpot 64-Bit Tiered Compilers"/>
    <property name="java.runtime.version" value="21.0.2+13-LTS"/>
    <property name="user.name" value="thiagomagano"/>
    <property name="stdout.encoding" value="UTF-8"/>
    <property name="path.separator" value=":"/>
    <property name="os.version" value="5.15.133.1-microsoft-standard-WSL2"/>
    <property name="java.runtime.name" value="OpenJDK Runtime Environment"/>
    <property name="file.encoding" value="UTF-8"/>
    <property name="java.vm.name" value="OpenJDK 64-Bit Server VM"/>
    <property name="java.vendor.version" value="Temurin-21.0.2+13"/>
    <property name="localRepository" value="/home/thiagomagano/.m2/repository"/>
    <property name="java.vendor.url.bug" value="https://github.com/adoptium/adoptium-support/issues"/>
    <property name="java.io.tmpdir" value="/tmp"/>
    <property name="java.version" value="21.0.2"/>
    <property name="user.dir" value="/home/thiagomagano/code/java/book-57-challenges/ch00-tipcalculator"/>
    <property name="os.arch" value="amd64"/>
    <property name="java.vm.specification.name" value="Java Virtual Machine Specification"/>
    <property name="native.encoding" value="UTF-8"/>
    <property name="java.library.path" value="/usr/java/packages/lib:/usr/lib64:/lib64:/lib:/usr/lib"/>
    <property name="java.vm.info" value="mixed mode, sharing"/>
    <property name="stderr.encoding" value="UTF-8"/>
    <property name="java.vendor" value="Eclipse Adoptium"/>
    <property name="java.vm.version" value="21.0.2+13-LTS"/>
    <property name="sun.io.unicode.encoding" value="UnicodeLittle"/>
    <property name="java.class.version" value="65.0"/>
  </properties>
  <testcase name="shouldCalculateTipCorrect" classname="com.githhub.thiagomagano.AppTest" time="0.004"/>
  <testcase name="shouldCalculateTotalBill" classname="com.githhub.thiagomagano.AppTest" time="0"/>
</testsuite>